{"C:\\Users\\g10ar\\Documents\\GitHub\\Portifolio\\frontend\\src\\App.tsx": {"path":"C:\\Users\\g10ar\\Documents\\GitHub\\Portifolio\\frontend\\src\\App.tsx","statementMap":{"0":{"start":{"line":6,"column":2},"end":{"line":12,"column":null}}},"fnMap":{"0":{"name":"App","decl":{"start":{"line":5,"column":16},"end":{"line":5,"column":22}},"loc":{"start":{"line":5,"column":22},"end":{"line":14,"column":null}},"line":5}},"branchMap":{},"s":{"0":0},"f":{"0":0},"b":{},"meta":{"lastBranch":0,"lastFunction":1,"lastStatement":1,"seen":{"f:5:16:5:22":0,"s:6:2:12:Infinity":0}}}
,"C:\\Users\\g10ar\\Documents\\GitHub\\Portifolio\\frontend\\src\\router.tsx": {"path":"C:\\Users\\g10ar\\Documents\\GitHub\\Portifolio\\frontend\\src\\router.tsx","statementMap":{"0":{"start":{"line":8,"column":13},"end":{"line":19,"column":null}}},"fnMap":{},"branchMap":{},"s":{"0":0},"f":{},"b":{},"meta":{"lastBranch":0,"lastFunction":0,"lastStatement":1,"seen":{"s:8:13:19:Infinity":0}}}
,"C:\\Users\\g10ar\\Documents\\GitHub\\Portifolio\\frontend\\src\\components\\Footer.tsx": {"path":"C:\\Users\\g10ar\\Documents\\GitHub\\Portifolio\\frontend\\src\\components\\Footer.tsx","statementMap":{"0":{"start":{"line":2,"column":8},"end":{"line":2,"column":null}},"1":{"start":{"line":4,"column":2},"end":{"line":41,"column":null}}},"fnMap":{"0":{"name":"Footer","decl":{"start":{"line":1,"column":16},"end":{"line":1,"column":25}},"loc":{"start":{"line":1,"column":25},"end":{"line":43,"column":null}},"line":1}},"branchMap":{},"s":{"0":5,"1":5},"f":{"0":5},"b":{},"meta":{"lastBranch":0,"lastFunction":1,"lastStatement":2,"seen":{"f:1:16:1:25":0,"s:2:8:2:Infinity":0,"s:4:2:41:Infinity":1}}}
,"C:\\Users\\g10ar\\Documents\\GitHub\\Portifolio\\frontend\\src\\components\\Navbar.tsx": {"path":"C:\\Users\\g10ar\\Documents\\GitHub\\Portifolio\\frontend\\src\\components\\Navbar.tsx","statementMap":{"0":{"start":{"line":5,"column":34},"end":{"line":5,"column":null}},"1":{"start":{"line":7,"column":16},"end":{"line":12,"column":null}},"2":{"start":{"line":14,"column":2},"end":{"line":67,"column":null}},"3":{"start":{"line":26,"column":12},"end":{"line":32,"column":null}},"4":{"start":{"line":29,"column":43},"end":{"line":29,"column":null}},"5":{"start":{"line":40,"column":25},"end":{"line":40,"column":null}},"6":{"start":{"line":40,"column":49},"end":{"line":40,"column":54}},"7":{"start":{"line":56,"column":12},"end":{"line":63,"column":null}},"8":{"start":{"line":59,"column":43},"end":{"line":59,"column":null}},"9":{"start":{"line":60,"column":29},"end":{"line":60,"column":null}}},"fnMap":{"0":{"name":"Navbar","decl":{"start":{"line":4,"column":16},"end":{"line":4,"column":25}},"loc":{"start":{"line":4,"column":25},"end":{"line":69,"column":null}},"line":4},"1":{"name":"(anonymous_1)","decl":{"start":{"line":25,"column":21},"end":{"line":25,"column":22}},"loc":{"start":{"line":26,"column":12},"end":{"line":32,"column":null}},"line":26},"2":{"name":"(anonymous_2)","decl":{"start":{"line":29,"column":25},"end":{"line":29,"column":26}},"loc":{"start":{"line":29,"column":43},"end":{"line":29,"column":null}},"line":29},"3":{"name":"(anonymous_3)","decl":{"start":{"line":40,"column":19},"end":{"line":40,"column":25}},"loc":{"start":{"line":40,"column":25},"end":{"line":40,"column":null}},"line":40},"4":{"name":"(anonymous_4)","decl":{"start":{"line":40,"column":39},"end":{"line":40,"column":40}},"loc":{"start":{"line":40,"column":49},"end":{"line":40,"column":54}},"line":40},"5":{"name":"(anonymous_5)","decl":{"start":{"line":55,"column":21},"end":{"line":55,"column":22}},"loc":{"start":{"line":56,"column":12},"end":{"line":63,"column":null}},"line":56},"6":{"name":"(anonymous_6)","decl":{"start":{"line":59,"column":25},"end":{"line":59,"column":26}},"loc":{"start":{"line":59,"column":43},"end":{"line":59,"column":null}},"line":59},"7":{"name":"(anonymous_7)","decl":{"start":{"line":60,"column":23},"end":{"line":60,"column":29}},"loc":{"start":{"line":60,"column":29},"end":{"line":60,"column":null}},"line":60}},"branchMap":{"0":{"loc":{"start":{"line":29,"column":55},"end":{"line":29,"column":79}},"type":"cond-expr","locations":[{"start":{"line":29,"column":66},"end":{"line":29,"column":77}},{"start":{"line":29,"column":77},"end":{"line":29,"column":79}}],"line":29},"1":{"loc":{"start":{"line":51,"column":22},"end":{"line":51,"column":48}},"type":"cond-expr","locations":[{"start":{"line":51,"column":35},"end":{"line":51,"column":40}},{"start":{"line":51,"column":40},"end":{"line":51,"column":48}}],"line":51},"2":{"loc":{"start":{"line":59,"column":66},"end":{"line":59,"column":90}},"type":"cond-expr","locations":[{"start":{"line":59,"column":77},"end":{"line":59,"column":88}},{"start":{"line":59,"column":88},"end":{"line":59,"column":90}}],"line":59}},"s":{"0":5,"1":5,"2":5,"3":20,"4":20,"5":1,"6":1,"7":20,"8":20,"9":0},"f":{"0":5,"1":20,"2":20,"3":1,"4":1,"5":20,"6":20,"7":0},"b":{"0":[5,15],"1":[1,4],"2":[5,15]},"meta":{"lastBranch":3,"lastFunction":8,"lastStatement":10,"seen":{"f:4:16:4:25":0,"s:5:34:5:Infinity":0,"s:7:16:12:Infinity":1,"s:14:2:67:Infinity":2,"f:25:21:25:22":1,"s:26:12:32:Infinity":3,"f:29:25:29:26":2,"s:29:43:29:Infinity":4,"b:29:66:29:77:29:77:29:79":0,"f:40:19:40:25":3,"s:40:25:40:Infinity":5,"f:40:39:40:40":4,"s:40:49:40:54":6,"b:51:35:51:40:51:40:51:48":1,"f:55:21:55:22":5,"s:56:12:63:Infinity":7,"f:59:25:59:26":6,"s:59:43:59:Infinity":8,"b:59:77:59:88:59:88:59:90":2,"f:60:23:60:29":7,"s:60:29:60:Infinity":9}}}
,"C:\\Users\\g10ar\\Documents\\GitHub\\Portifolio\\frontend\\src\\components\\ui\\PixelButton.tsx": {"path":"C:\\Users\\g10ar\\Documents\\GitHub\\Portifolio\\frontend\\src\\components\\ui\\PixelButton.tsx","statementMap":{"0":{"start":{"line":22,"column":18},"end":{"line":29,"column":null}},"1":{"start":{"line":31,"column":2},"end":{"line":37,"column":null}},"2":{"start":{"line":32,"column":4},"end":{"line":35,"column":null}},"3":{"start":{"line":39,"column":2},"end":{"line":42,"column":null}}},"fnMap":{"0":{"name":"PixelButton","decl":{"start":{"line":13,"column":16},"end":{"line":13,"column":28}},"loc":{"start":{"line":21,"column":21},"end":{"line":44,"column":null}},"line":21}},"branchMap":{"0":{"loc":{"start":{"line":16,"column":2},"end":{"line":16,"column":null}},"type":"default-arg","locations":[{"start":{"line":16,"column":12},"end":{"line":16,"column":null}}],"line":16},"1":{"loc":{"start":{"line":17,"column":2},"end":{"line":17,"column":null}},"type":"default-arg","locations":[{"start":{"line":17,"column":13},"end":{"line":17,"column":null}}],"line":17},"2":{"loc":{"start":{"line":18,"column":2},"end":{"line":18,"column":null}},"type":"default-arg","locations":[{"start":{"line":18,"column":9},"end":{"line":18,"column":null}}],"line":18},"3":{"loc":{"start":{"line":19,"column":2},"end":{"line":19,"column":null}},"type":"default-arg","locations":[{"start":{"line":19,"column":14},"end":{"line":19,"column":null}}],"line":19},"4":{"loc":{"start":{"line":24,"column":4},"end":{"line":24,"column":null}},"type":"cond-expr","locations":[{"start":{"line":24,"column":28},"end":{"line":24,"column":54}},{"start":{"line":24,"column":54},"end":{"line":24,"column":null}}],"line":24},"5":{"loc":{"start":{"line":25,"column":4},"end":{"line":25,"column":null}},"type":"cond-expr","locations":[{"start":{"line":25,"column":15},"end":{"line":25,"column":49}},{"start":{"line":25,"column":49},"end":{"line":25,"column":null}}],"line":25},"6":{"loc":{"start":{"line":31,"column":2},"end":{"line":37,"column":null}},"type":"if","locations":[{"start":{"line":31,"column":2},"end":{"line":37,"column":null}},{"start":{},"end":{}}],"line":31}},"s":{"0":87,"1":87,"2":0,"3":87},"f":{"0":87},"b":{"0":[87],"1":[87],"2":[87],"3":[87],"4":[1,86],"5":[2,85],"6":[0,87]},"meta":{"lastBranch":7,"lastFunction":1,"lastStatement":4,"seen":{"f:13:16:13:28":0,"b:16:12:16:Infinity":0,"b:17:13:17:Infinity":1,"b:18:9:18:Infinity":2,"b:19:14:19:Infinity":3,"s:22:18:29:Infinity":0,"b:24:28:24:54:24:54:24:Infinity":4,"b:25:15:25:49:25:49:25:Infinity":5,"b:31:2:37:Infinity:undefined:undefined:undefined:undefined":6,"s:31:2:37:Infinity":1,"s:32:4:35:Infinity":2,"s:39:2:42:Infinity":3}}}
,"C:\\Users\\g10ar\\Documents\\GitHub\\Portifolio\\frontend\\src\\components\\ui\\PixelCard.tsx": {"path":"C:\\Users\\g10ar\\Documents\\GitHub\\Portifolio\\frontend\\src\\components\\ui\\PixelCard.tsx","statementMap":{"0":{"start":{"line":9,"column":2},"end":{"line":12,"column":null}}},"fnMap":{"0":{"name":"PixelCard","decl":{"start":{"line":8,"column":16},"end":{"line":8,"column":26}},"loc":{"start":{"line":8,"column":72},"end":{"line":14,"column":null}},"line":8}},"branchMap":{"0":{"loc":{"start":{"line":8,"column":38},"end":{"line":8,"column":53}},"type":"default-arg","locations":[{"start":{"line":8,"column":50},"end":{"line":8,"column":53}}],"line":8}},"s":{"0":3},"f":{"0":3},"b":{"0":[3]},"meta":{"lastBranch":1,"lastFunction":1,"lastStatement":1,"seen":{"f:8:16:8:26":0,"b:8:50:8:53":0,"s:9:2:12:Infinity":0}}}
,"C:\\Users\\g10ar\\Documents\\GitHub\\Portifolio\\frontend\\src\\components\\ui\\ProjectCard.tsx": {"path":"C:\\Users\\g10ar\\Documents\\GitHub\\Portifolio\\frontend\\src\\components\\ui\\ProjectCard.tsx","statementMap":{"0":{"start":{"line":8,"column":19},"end":{"line":13,"column":null}},"1":{"start":{"line":16,"column":21},"end":{"line":16,"column":null}},"2":{"start":{"line":17,"column":18},"end":{"line":17,"column":null}},"3":{"start":{"line":19,"column":2},"end":{"line":75,"column":null}},"4":{"start":{"line":49,"column":12},"end":{"line":49,"column":null}}},"fnMap":{"0":{"name":"ProjectCard","decl":{"start":{"line":15,"column":16},"end":{"line":15,"column":28}},"loc":{"start":{"line":15,"column":59},"end":{"line":77,"column":null}},"line":15},"1":{"name":"(anonymous_1)","decl":{"start":{"line":48,"column":36},"end":{"line":48,"column":37}},"loc":{"start":{"line":49,"column":12},"end":{"line":49,"column":null}},"line":49}},"branchMap":{"0":{"loc":{"start":{"line":17,"column":18},"end":{"line":17,"column":null}},"type":"binary-expr","locations":[{"start":{"line":17,"column":18},"end":{"line":17,"column":44}},{"start":{"line":17,"column":44},"end":{"line":17,"column":null}}],"line":17},"1":{"loc":{"start":{"line":23,"column":9},"end":{"line":37,"column":null}},"type":"cond-expr","locations":[{"start":{"line":24,"column":10},"end":{"line":28,"column":null}},{"start":{"line":30,"column":10},"end":{"line":37,"column":null}}],"line":23},"2":{"loc":{"start":{"line":63,"column":11},"end":{"line":71,"column":null}},"type":"binary-expr","locations":[{"start":{"line":63,"column":11},"end":{"line":63,"column":null}},{"start":{"line":64,"column":12},"end":{"line":71,"column":null}}],"line":63}},"s":{"0":2,"1":26,"2":26,"3":26,"4":72},"f":{"0":26,"1":72},"b":{"0":[26,0],"1":[0,26],"2":[26,25]},"meta":{"lastBranch":3,"lastFunction":2,"lastStatement":5,"seen":{"s:8:19:13:Infinity":0,"f:15:16:15:28":0,"s:16:21:16:Infinity":1,"s:17:18:17:Infinity":2,"b:17:18:17:44:17:44:17:Infinity":0,"s:19:2:75:Infinity":3,"b:24:10:28:Infinity:30:10:37:Infinity":1,"f:48:36:48:37":1,"s:49:12:49:Infinity":4,"b:63:11:63:Infinity:64:12:71:Infinity":2}}}
,"C:\\Users\\g10ar\\Documents\\GitHub\\Portifolio\\frontend\\src\\components\\ui\\SkillBar.tsx": {"path":"C:\\Users\\g10ar\\Documents\\GitHub\\Portifolio\\frontend\\src\\components\\ui\\SkillBar.tsx","statementMap":{"0":{"start":{"line":7,"column":23},"end":{"line":7,"column":null}},"1":{"start":{"line":9,"column":2},"end":{"line":23,"column":null}}},"fnMap":{"0":{"name":"SkillBar","decl":{"start":{"line":6,"column":16},"end":{"line":6,"column":25}},"loc":{"start":{"line":6,"column":57},"end":{"line":25,"column":null}},"line":6}},"branchMap":{},"s":{"0":44,"1":44},"f":{"0":44},"b":{},"meta":{"lastBranch":0,"lastFunction":1,"lastStatement":2,"seen":{"f:6:16:6:25":0,"s:7:23:7:Infinity":0,"s:9:2:23:Infinity":1}}}
,"C:\\Users\\g10ar\\Documents\\GitHub\\Portifolio\\frontend\\src\\components\\ui\\TechBadge.tsx": {"path":"C:\\Users\\g10ar\\Documents\\GitHub\\Portifolio\\frontend\\src\\components\\ui\\TechBadge.tsx","statementMap":{"0":{"start":{"line":6,"column":2},"end":{"line":9,"column":null}}},"fnMap":{"0":{"name":"TechBadge","decl":{"start":{"line":5,"column":16},"end":{"line":5,"column":26}},"loc":{"start":{"line":5,"column":52},"end":{"line":11,"column":null}},"line":5}},"branchMap":{},"s":{"0":75},"f":{"0":75},"b":{},"meta":{"lastBranch":0,"lastFunction":1,"lastStatement":1,"seen":{"f:5:16:5:26":0,"s:6:2:9:Infinity":0}}}
,"C:\\Users\\g10ar\\Documents\\GitHub\\Portifolio\\frontend\\src\\pages\\About.tsx": {"path":"C:\\Users\\g10ar\\Documents\\GitHub\\Portifolio\\frontend\\src\\pages\\About.tsx","statementMap":{"0":{"start":{"line":4,"column":17},"end":{"line":29,"column":null}},"1":{"start":{"line":32,"column":2},"end":{"line":88,"column":null}},"2":{"start":{"line":72,"column":12},"end":{"line":76,"column":null}},"3":{"start":{"line":84,"column":12},"end":{"line":84,"column":null}}},"fnMap":{"0":{"name":"About","decl":{"start":{"line":31,"column":16},"end":{"line":31,"column":24}},"loc":{"start":{"line":31,"column":24},"end":{"line":90,"column":null}},"line":31},"1":{"name":"(anonymous_1)","decl":{"start":{"line":71,"column":24},"end":{"line":71,"column":25}},"loc":{"start":{"line":72,"column":12},"end":{"line":76,"column":null}},"line":72},"2":{"name":"(anonymous_2)","decl":{"start":{"line":83,"column":26},"end":{"line":83,"column":27}},"loc":{"start":{"line":84,"column":12},"end":{"line":84,"column":null}},"line":84}},"branchMap":{},"s":{"0":1,"1":5,"2":20,"3":40},"f":{"0":5,"1":20,"2":40},"b":{},"meta":{"lastBranch":0,"lastFunction":3,"lastStatement":4,"seen":{"s:4:17:29:Infinity":0,"f:31:16:31:24":0,"s:32:2:88:Infinity":1,"f:71:24:71:25":1,"s:72:12:76:Infinity":2,"f:83:26:83:27":2,"s:84:12:84:Infinity":3}}}
,"C:\\Users\\g10ar\\Documents\\GitHub\\Portifolio\\frontend\\src\\pages\\Contact.tsx": {"path":"C:\\Users\\g10ar\\Documents\\GitHub\\Portifolio\\frontend\\src\\pages\\Contact.tsx","statementMap":{"0":{"start":{"line":13,"column":29},"end":{"line":13,"column":null}},"1":{"start":{"line":14,"column":2},"end":{"line":14,"column":null}},"2":{"start":{"line":14,"column":25},"end":{"line":14,"column":null}},"3":{"start":{"line":15,"column":2},"end":{"line":19,"column":null}},"4":{"start":{"line":16,"column":4},"end":{"line":16,"column":null}},"5":{"start":{"line":17,"column":2},"end":{"line":19,"column":null}},"6":{"start":{"line":18,"column":4},"end":{"line":18,"column":null}},"7":{"start":{"line":20,"column":2},"end":{"line":20,"column":null}},"8":{"start":{"line":20,"column":28},"end":{"line":20,"column":null}},"9":{"start":{"line":21,"column":2},"end":{"line":21,"column":null}},"10":{"start":{"line":25,"column":22},"end":{"line":27,"column":null}},"11":{"start":{"line":28,"column":26},"end":{"line":28,"column":null}},"12":{"start":{"line":29,"column":32},"end":{"line":29,"column":null}},"13":{"start":{"line":30,"column":28},"end":{"line":30,"column":null}},"14":{"start":{"line":32,"column":23},"end":{"line":38,"column":null}},"15":{"start":{"line":33,"column":28},"end":{"line":33,"column":null}},"16":{"start":{"line":34,"column":4},"end":{"line":34,"column":null}},"17":{"start":{"line":34,"column":23},"end":{"line":34,"column":50}},"18":{"start":{"line":35,"column":4},"end":{"line":37,"column":null}},"19":{"start":{"line":36,"column":6},"end":{"line":36,"column":null}},"20":{"start":{"line":36,"column":27},"end":{"line":36,"column":58}},"21":{"start":{"line":40,"column":23},"end":{"line":54,"column":null}},"22":{"start":{"line":41,"column":4},"end":{"line":41,"column":null}},"23":{"start":{"line":42,"column":29},"end":{"line":42,"column":null}},"24":{"start":{"line":43,"column":4},"end":{"line":46,"column":null}},"25":{"start":{"line":44,"column":6},"end":{"line":44,"column":null}},"26":{"start":{"line":45,"column":6},"end":{"line":45,"column":null}},"27":{"start":{"line":47,"column":4},"end":{"line":47,"column":null}},"28":{"start":{"line":48,"column":4},"end":{"line":53,"column":null}},"29":{"start":{"line":49,"column":6},"end":{"line":49,"column":null}},"30":{"start":{"line":50,"column":6},"end":{"line":50,"column":null}},"31":{"start":{"line":52,"column":6},"end":{"line":52,"column":null}},"32":{"start":{"line":56,"column":2},"end":{"line":72,"column":null}},"33":{"start":{"line":57,"column":4},"end":{"line":70,"column":null}},"34":{"start":{"line":74,"column":2},"end":{"line":209,"column":null}},"35":{"start":{"line":201,"column":14},"end":{"line":204,"column":null}}},"fnMap":{"0":{"name":"validateForm","decl":{"start":{"line":12,"column":9},"end":{"line":12,"column":22}},"loc":{"start":{"line":12,"column":53},"end":{"line":22,"column":null}},"line":12},"1":{"name":"Contact","decl":{"start":{"line":24,"column":16},"end":{"line":24,"column":26}},"loc":{"start":{"line":24,"column":26},"end":{"line":211,"column":null}},"line":24},"2":{"name":"(anonymous_2)","decl":{"start":{"line":32,"column":23},"end":{"line":32,"column":24}},"loc":{"start":{"line":32,"column":89},"end":{"line":38,"column":null}},"line":32},"3":{"name":"(anonymous_3)","decl":{"start":{"line":34,"column":12},"end":{"line":34,"column":13}},"loc":{"start":{"line":34,"column":23},"end":{"line":34,"column":50}},"line":34},"4":{"name":"(anonymous_4)","decl":{"start":{"line":36,"column":16},"end":{"line":36,"column":17}},"loc":{"start":{"line":36,"column":27},"end":{"line":36,"column":58}},"line":36},"5":{"name":"(anonymous_5)","decl":{"start":{"line":40,"column":23},"end":{"line":40,"column":30}},"loc":{"start":{"line":40,"column":53},"end":{"line":54,"column":null}},"line":40},"6":{"name":"(anonymous_6)","decl":{"start":{"line":200,"column":18},"end":{"line":200,"column":19}},"loc":{"start":{"line":201,"column":14},"end":{"line":204,"column":null}},"line":201}},"branchMap":{"0":{"loc":{"start":{"line":14,"column":2},"end":{"line":14,"column":null}},"type":"if","locations":[{"start":{"line":14,"column":2},"end":{"line":14,"column":null}},{"start":{},"end":{}}],"line":14},"1":{"loc":{"start":{"line":15,"column":2},"end":{"line":19,"column":null}},"type":"if","locations":[{"start":{"line":15,"column":2},"end":{"line":19,"column":null}},{"start":{"line":17,"column":2},"end":{"line":19,"column":null}}],"line":15},"2":{"loc":{"start":{"line":17,"column":2},"end":{"line":19,"column":null}},"type":"if","locations":[{"start":{"line":17,"column":2},"end":{"line":19,"column":null}},{"start":{},"end":{}}],"line":17},"3":{"loc":{"start":{"line":20,"column":2},"end":{"line":20,"column":null}},"type":"if","locations":[{"start":{"line":20,"column":2},"end":{"line":20,"column":null}},{"start":{},"end":{}}],"line":20},"4":{"loc":{"start":{"line":35,"column":4},"end":{"line":37,"column":null}},"type":"if","locations":[{"start":{"line":35,"column":4},"end":{"line":37,"column":null}},{"start":{},"end":{}}],"line":35},"5":{"loc":{"start":{"line":43,"column":4},"end":{"line":46,"column":null}},"type":"if","locations":[{"start":{"line":43,"column":4},"end":{"line":46,"column":null}},{"start":{},"end":{}}],"line":43},"6":{"loc":{"start":{"line":56,"column":2},"end":{"line":72,"column":null}},"type":"if","locations":[{"start":{"line":56,"column":2},"end":{"line":72,"column":null}},{"start":{},"end":{}}],"line":56},"7":{"loc":{"start":{"line":122,"column":17},"end":{"line":123,"column":null}},"type":"binary-expr","locations":[{"start":{"line":122,"column":17},"end":{"line":122,"column":null}},{"start":{"line":123,"column":18},"end":{"line":123,"column":null}}],"line":122},"8":{"loc":{"start":{"line":139,"column":17},"end":{"line":140,"column":null}},"type":"binary-expr","locations":[{"start":{"line":139,"column":17},"end":{"line":139,"column":null}},{"start":{"line":140,"column":18},"end":{"line":140,"column":null}}],"line":139},"9":{"loc":{"start":{"line":169,"column":17},"end":{"line":170,"column":null}},"type":"binary-expr","locations":[{"start":{"line":169,"column":17},"end":{"line":169,"column":null}},{"start":{"line":170,"column":18},"end":{"line":170,"column":null}}],"line":169},"10":{"loc":{"start":{"line":176,"column":19},"end":{"line":176,"column":null}},"type":"cond-expr","locations":[{"start":{"line":176,"column":29},"end":{"line":176,"column":45}},{"start":{"line":176,"column":45},"end":{"line":176,"column":null}}],"line":176}},"s":{"0":3,"1":3,"2":1,"3":3,"4":1,"5":2,"6":1,"7":3,"8":1,"9":3,"10":76,"11":76,"12":76,"13":76,"14":76,"15":67,"16":67,"17":67,"18":67,"19":0,"20":0,"21":76,"22":3,"23":3,"24":3,"25":2,"26":2,"27":1,"28":1,"29":1,"30":1,"31":1,"32":76,"33":1,"34":75,"35":225},"f":{"0":3,"1":76,"2":67,"3":67,"4":0,"5":3,"6":225},"b":{"0":[1,2],"1":[1,2],"2":[1,1],"3":[1,2],"4":[0,67],"5":[2,1],"6":[1,75],"7":[75,1],"8":[76,2],"9":[76,1],"10":[1,74]},"meta":{"lastBranch":11,"lastFunction":7,"lastStatement":36,"seen":{"f:12:9:12:22":0,"s:13:29:13:Infinity":0,"b:14:2:14:Infinity:undefined:undefined:undefined:undefined":0,"s:14:2:14:Infinity":1,"s:14:25:14:Infinity":2,"b:15:2:19:Infinity:17:2:19:Infinity":1,"s:15:2:19:Infinity":3,"s:16:4:16:Infinity":4,"b:17:2:19:Infinity:undefined:undefined:undefined:undefined":2,"s:17:2:19:Infinity":5,"s:18:4:18:Infinity":6,"b:20:2:20:Infinity:undefined:undefined:undefined:undefined":3,"s:20:2:20:Infinity":7,"s:20:28:20:Infinity":8,"s:21:2:21:Infinity":9,"f:24:16:24:26":1,"s:25:22:27:Infinity":10,"s:28:26:28:Infinity":11,"s:29:32:29:Infinity":12,"s:30:28:30:Infinity":13,"s:32:23:38:Infinity":14,"f:32:23:32:24":2,"s:33:28:33:Infinity":15,"s:34:4:34:Infinity":16,"f:34:12:34:13":3,"s:34:23:34:50":17,"b:35:4:37:Infinity:undefined:undefined:undefined:undefined":4,"s:35:4:37:Infinity":18,"s:36:6:36:Infinity":19,"f:36:16:36:17":4,"s:36:27:36:58":20,"s:40:23:54:Infinity":21,"f:40:23:40:30":5,"s:41:4:41:Infinity":22,"s:42:29:42:Infinity":23,"b:43:4:46:Infinity:undefined:undefined:undefined:undefined":5,"s:43:4:46:Infinity":24,"s:44:6:44:Infinity":25,"s:45:6:45:Infinity":26,"s:47:4:47:Infinity":27,"s:48:4:53:Infinity":28,"s:49:6:49:Infinity":29,"s:50:6:50:Infinity":30,"s:52:6:52:Infinity":31,"b:56:2:72:Infinity:undefined:undefined:undefined:undefined":6,"s:56:2:72:Infinity":32,"s:57:4:70:Infinity":33,"s:74:2:209:Infinity":34,"b:122:17:122:Infinity:123:18:123:Infinity":7,"b:139:17:139:Infinity:140:18:140:Infinity":8,"b:169:17:169:Infinity:170:18:170:Infinity":9,"b:176:29:176:45:176:45:176:Infinity":10,"f:200:18:200:19":6,"s:201:14:204:Infinity":35}}}
,"C:\\Users\\g10ar\\Documents\\GitHub\\Portifolio\\frontend\\src\\pages\\Home.tsx": {"path":"C:\\Users\\g10ar\\Documents\\GitHub\\Portifolio\\frontend\\src\\pages\\Home.tsx","statementMap":{"0":{"start":{"line":5,"column":2},"end":{"line":35,"column":null}}},"fnMap":{"0":{"name":"Home","decl":{"start":{"line":4,"column":16},"end":{"line":4,"column":23}},"loc":{"start":{"line":4,"column":23},"end":{"line":37,"column":null}},"line":4}},"branchMap":{},"s":{"0":3},"f":{"0":3},"b":{},"meta":{"lastBranch":0,"lastFunction":1,"lastStatement":1,"seen":{"f:4:16:4:23":0,"s:5:2:35:Infinity":0}}}
,"C:\\Users\\g10ar\\Documents\\GitHub\\Portifolio\\frontend\\src\\pages\\Projects.tsx": {"path":"C:\\Users\\g10ar\\Documents\\GitHub\\Portifolio\\frontend\\src\\pages\\Projects.tsx","statementMap":{"0":{"start":{"line":7,"column":2},"end":{"line":46,"column":null}},"1":{"start":{"line":21,"column":12},"end":{"line":21,"column":null}}},"fnMap":{"0":{"name":"Projects","decl":{"start":{"line":6,"column":16},"end":{"line":6,"column":27}},"loc":{"start":{"line":6,"column":27},"end":{"line":48,"column":null}},"line":6},"1":{"name":"(anonymous_1)","decl":{"start":{"line":20,"column":28},"end":{"line":20,"column":29}},"loc":{"start":{"line":21,"column":12},"end":{"line":21,"column":null}},"line":21}},"branchMap":{},"s":{"0":4,"1":20},"f":{"0":4,"1":20},"b":{},"meta":{"lastBranch":0,"lastFunction":2,"lastStatement":2,"seen":{"f:6:16:6:27":0,"s:7:2:46:Infinity":0,"f:20:28:20:29":1,"s:21:12:21:Infinity":1}}}
,"C:\\Users\\g10ar\\Documents\\GitHub\\Portifolio\\frontend\\src\\services\\api.ts": {"path":"C:\\Users\\g10ar\\Documents\\GitHub\\Portifolio\\frontend\\src\\services\\api.ts","statementMap":{"0":{"start":{"line":3,"column":12},"end":{"line":9,"column":null}}},"fnMap":{},"branchMap":{"0":{"loc":{"start":{"line":4,"column":11},"end":{"line":4,"column":null}},"type":"binary-expr","locations":[{"start":{"line":4,"column":11},"end":{"line":4,"column":43}},{"start":{"line":4,"column":43},"end":{"line":4,"column":null}}],"line":4}},"s":{"0":1},"f":{},"b":{"0":[1,1]},"meta":{"lastBranch":1,"lastFunction":0,"lastStatement":1,"seen":{"s:3:12:9:Infinity":0,"b:4:11:4:43:4:43:4:Infinity":0}}}
,"C:\\Users\\g10ar\\Documents\\GitHub\\Portifolio\\frontend\\src\\services\\contactService.ts": {"path":"C:\\Users\\g10ar\\Documents\\GitHub\\Portifolio\\frontend\\src\\services\\contactService.ts","statementMap":{"0":{"start":{"line":4,"column":16},"end":{"line":4,"column":null}},"1":{"start":{"line":6,"column":34},"end":{"line":14,"column":null}},"2":{"start":{"line":7,"column":2},"end":{"line":11,"column":null}},"3":{"start":{"line":9,"column":4},"end":{"line":9,"column":null}},"4":{"start":{"line":9,"column":35},"end":{"line":9,"column":59}},"5":{"start":{"line":10,"column":4},"end":{"line":10,"column":null}},"6":{"start":{"line":12,"column":19},"end":{"line":12,"column":null}},"7":{"start":{"line":13,"column":2},"end":{"line":13,"column":null}}},"fnMap":{"0":{"name":"(anonymous_0)","decl":{"start":{"line":6,"column":34},"end":{"line":6,"column":41}},"loc":{"start":{"line":6,"column":89},"end":{"line":14,"column":null}},"line":6},"1":{"name":"(anonymous_1)","decl":{"start":{"line":9,"column":22},"end":{"line":9,"column":23}},"loc":{"start":{"line":9,"column":35},"end":{"line":9,"column":59}},"line":9}},"branchMap":{"0":{"loc":{"start":{"line":7,"column":2},"end":{"line":11,"column":null}},"type":"if","locations":[{"start":{"line":7,"column":2},"end":{"line":11,"column":null}},{"start":{},"end":{}}],"line":7}},"s":{"0":1,"1":1,"2":1,"3":1,"4":1,"5":1,"6":0,"7":0},"f":{"0":1,"1":1},"b":{"0":[1,0]},"meta":{"lastBranch":1,"lastFunction":2,"lastStatement":8,"seen":{"s:4:16:4:Infinity":0,"s:6:34:14:Infinity":1,"f:6:34:6:41":0,"b:7:2:11:Infinity:undefined:undefined:undefined:undefined":0,"s:7:2:11:Infinity":2,"s:9:4:9:Infinity":3,"f:9:22:9:23":1,"s:9:35:9:59":4,"s:10:4:10:Infinity":5,"s:12:19:12:Infinity":6,"s:13:2:13:Infinity":7}}}
,"C:\\Users\\g10ar\\Documents\\GitHub\\Portifolio\\frontend\\src\\services\\projectService.ts": {"path":"C:\\Users\\g10ar\\Documents\\GitHub\\Portifolio\\frontend\\src\\services\\projectService.ts","statementMap":{"0":{"start":{"line":6,"column":16},"end":{"line":6,"column":null}},"1":{"start":{"line":8,"column":27},"end":{"line":12,"column":null}},"2":{"start":{"line":9,"column":2},"end":{"line":9,"column":null}},"3":{"start":{"line":9,"column":15},"end":{"line":9,"column":null}},"4":{"start":{"line":10,"column":19},"end":{"line":10,"column":null}},"5":{"start":{"line":11,"column":2},"end":{"line":11,"column":null}},"6":{"start":{"line":14,"column":35},"end":{"line":18,"column":null}},"7":{"start":{"line":15,"column":2},"end":{"line":15,"column":null}},"8":{"start":{"line":15,"column":15},"end":{"line":15,"column":null}},"9":{"start":{"line":15,"column":49},"end":{"line":15,"column":61}},"10":{"start":{"line":16,"column":19},"end":{"line":16,"column":null}},"11":{"start":{"line":17,"column":2},"end":{"line":17,"column":null}},"12":{"start":{"line":20,"column":38},"end":{"line":24,"column":null}},"13":{"start":{"line":21,"column":2},"end":{"line":21,"column":null}},"14":{"start":{"line":21,"column":15},"end":{"line":21,"column":null}},"15":{"start":{"line":21,"column":49},"end":{"line":21,"column":64}},"16":{"start":{"line":22,"column":19},"end":{"line":22,"column":null}},"17":{"start":{"line":23,"column":2},"end":{"line":23,"column":null}}},"fnMap":{"0":{"name":"(anonymous_0)","decl":{"start":{"line":8,"column":27},"end":{"line":8,"column":59}},"loc":{"start":{"line":8,"column":59},"end":{"line":12,"column":null}},"line":8},"1":{"name":"(anonymous_1)","decl":{"start":{"line":14,"column":35},"end":{"line":14,"column":67}},"loc":{"start":{"line":14,"column":67},"end":{"line":18,"column":null}},"line":14},"2":{"name":"(anonymous_2)","decl":{"start":{"line":15,"column":42},"end":{"line":15,"column":43}},"loc":{"start":{"line":15,"column":49},"end":{"line":15,"column":61}},"line":15},"3":{"name":"(anonymous_3)","decl":{"start":{"line":20,"column":38},"end":{"line":20,"column":70}},"loc":{"start":{"line":20,"column":70},"end":{"line":24,"column":null}},"line":20},"4":{"name":"(anonymous_4)","decl":{"start":{"line":21,"column":42},"end":{"line":21,"column":43}},"loc":{"start":{"line":21,"column":49},"end":{"line":21,"column":64}},"line":21}},"branchMap":{"0":{"loc":{"start":{"line":9,"column":2},"end":{"line":9,"column":null}},"type":"if","locations":[{"start":{"line":9,"column":2},"end":{"line":9,"column":null}},{"start":{},"end":{}}],"line":9},"1":{"loc":{"start":{"line":15,"column":2},"end":{"line":15,"column":null}},"type":"if","locations":[{"start":{"line":15,"column":2},"end":{"line":15,"column":null}},{"start":{},"end":{}}],"line":15},"2":{"loc":{"start":{"line":21,"column":2},"end":{"line":21,"column":null}},"type":"if","locations":[{"start":{"line":21,"column":2},"end":{"line":21,"column":null}},{"start":{},"end":{}}],"line":21}},"s":{"0":0,"1":0,"2":0,"3":0,"4":0,"5":0,"6":0,"7":0,"8":0,"9":0,"10":0,"11":0,"12":0,"13":0,"14":0,"15":0,"16":0,"17":0},"f":{"0":0,"1":0,"2":0,"3":0,"4":0},"b":{"0":[0,0],"1":[0,0],"2":[0,0]},"meta":{"lastBranch":3,"lastFunction":5,"lastStatement":18,"seen":{"s:6:16:6:Infinity":0,"s:8:27:12:Infinity":1,"f:8:27:8:59":0,"b:9:2:9:Infinity:undefined:undefined:undefined:undefined":0,"s:9:2:9:Infinity":2,"s:9:15:9:Infinity":3,"s:10:19:10:Infinity":4,"s:11:2:11:Infinity":5,"s:14:35:18:Infinity":6,"f:14:35:14:67":1,"b:15:2:15:Infinity:undefined:undefined:undefined:undefined":1,"s:15:2:15:Infinity":7,"s:15:15:15:Infinity":8,"f:15:42:15:43":2,"s:15:49:15:61":9,"s:16:19:16:Infinity":10,"s:17:2:17:Infinity":11,"s:20:38:24:Infinity":12,"f:20:38:20:70":3,"b:21:2:21:Infinity:undefined:undefined:undefined:undefined":2,"s:21:2:21:Infinity":13,"s:21:15:21:Infinity":14,"f:21:42:21:43":4,"s:21:49:21:64":15,"s:22:19:22:Infinity":16,"s:23:2:23:Infinity":17}}}
,"C:\\Users\\g10ar\\Documents\\GitHub\\Portifolio\\frontend\\src\\services\\skillService.ts": {"path":"C:\\Users\\g10ar\\Documents\\GitHub\\Portifolio\\frontend\\src\\services\\skillService.ts","statementMap":{"0":{"start":{"line":5,"column":16},"end":{"line":5,"column":null}},"1":{"start":{"line":7,"column":25},"end":{"line":11,"column":null}},"2":{"start":{"line":8,"column":2},"end":{"line":8,"column":null}},"3":{"start":{"line":8,"column":15},"end":{"line":8,"column":null}},"4":{"start":{"line":9,"column":19},"end":{"line":9,"column":null}},"5":{"start":{"line":10,"column":2},"end":{"line":10,"column":null}}},"fnMap":{"0":{"name":"(anonymous_0)","decl":{"start":{"line":7,"column":25},"end":{"line":7,"column":55}},"loc":{"start":{"line":7,"column":55},"end":{"line":11,"column":null}},"line":7}},"branchMap":{"0":{"loc":{"start":{"line":8,"column":2},"end":{"line":8,"column":null}},"type":"if","locations":[{"start":{"line":8,"column":2},"end":{"line":8,"column":null}},{"start":{},"end":{}}],"line":8}},"s":{"0":0,"1":0,"2":0,"3":0,"4":0,"5":0},"f":{"0":0},"b":{"0":[0,0]},"meta":{"lastBranch":1,"lastFunction":1,"lastStatement":6,"seen":{"s:5:16:5:Infinity":0,"s:7:25:11:Infinity":1,"f:7:25:7:55":0,"b:8:2:8:Infinity:undefined:undefined:undefined:undefined":0,"s:8:2:8:Infinity":2,"s:8:15:8:Infinity":3,"s:9:19:9:Infinity":4,"s:10:2:10:Infinity":5}}}
,"C:\\Users\\g10ar\\Documents\\GitHub\\Portifolio\\frontend\\src\\types\\Contact.ts": {"path":"C:\\Users\\g10ar\\Documents\\GitHub\\Portifolio\\frontend\\src\\types\\Contact.ts","statementMap":{},"fnMap":{},"branchMap":{},"s":{},"f":{},"b":{},"meta":{"lastBranch":0,"lastFunction":0,"lastStatement":0,"seen":{}}}
,"C:\\Users\\g10ar\\Documents\\GitHub\\Portifolio\\frontend\\src\\types\\Project.ts": {"path":"C:\\Users\\g10ar\\Documents\\GitHub\\Portifolio\\frontend\\src\\types\\Project.ts","statementMap":{},"fnMap":{},"branchMap":{},"s":{},"f":{},"b":{},"meta":{"lastBranch":0,"lastFunction":0,"lastStatement":0,"seen":{}}}
,"C:\\Users\\g10ar\\Documents\\GitHub\\Portifolio\\frontend\\src\\types\\Skill.ts": {"path":"C:\\Users\\g10ar\\Documents\\GitHub\\Portifolio\\frontend\\src\\types\\Skill.ts","statementMap":{},"fnMap":{},"branchMap":{},"s":{},"f":{},"b":{},"meta":{"lastBranch":0,"lastFunction":0,"lastStatement":0,"seen":{}}}
}
